<?xml version="1.0" encoding="UTF-8"?>
<robot generator="Robot 3.2.2 (Python 3.8.3 on win32)" generated="20201218 15:54:38.910" rpa="false">
<suite id="s1" name="Phptravels Login" source="C:\Users\sagar\PycharmProjects\pythonProject\Tests\phptravels_login.robot">
<test id="s1-t1" name="Login on phptravels using user credentials">
<kw name="Open Test Browser" type="setup">
<kw name="Open Browser" library="Selenium2Library">
<doc>Opens a new browser instance to the optional ``url``.</doc>
<arguments>
<arg>${SEARCH_URL}</arg>
<arg>browser=${BROWSER}</arg>
</arguments>
<msg timestamp="20201218 15:54:39.312" level="INFO">Opening browser 'Chrome' to base url 'https://www.phptravels.net/home'.</msg>
<status status="PASS" starttime="20201218 15:54:39.311" endtime="20201218 15:54:51.989"></status>
</kw>
<status status="PASS" starttime="20201218 15:54:39.311" endtime="20201218 15:54:51.989"></status>
</kw>
<kw name="Wait Until Element Is Visible" library="Selenium2Library">
<doc>Waits until the element ``locator`` is visible.</doc>
<arguments>
<arg>${search_account}</arg>
</arguments>
<status status="PASS" starttime="20201218 15:54:51.990" endtime="20201218 15:54:52.892"></status>
</kw>
<kw name="Click Element" library="Selenium2Library">
<doc>Click the element identified by ``locator``.</doc>
<arguments>
<arg>${search_account}</arg>
</arguments>
<msg timestamp="20201218 15:54:52.893" level="INFO">Clicking element 'xpath=//*[@id="//header-waypoint-sticky"]/div[1]/div/div/div[2]/div/ul/li[3]/div'.</msg>
<status status="PASS" starttime="20201218 15:54:52.893" endtime="20201218 15:54:53.617"></status>
</kw>
<kw name="Wait Until Element Is Visible" library="Selenium2Library">
<doc>Waits until the element ``locator`` is visible.</doc>
<arguments>
<arg>${search_login}</arg>
</arguments>
<status status="PASS" starttime="20201218 15:54:53.618" endtime="20201218 15:54:53.680"></status>
</kw>
<kw name="Click Element" library="Selenium2Library">
<doc>Click the element identified by ``locator``.</doc>
<arguments>
<arg>${search_login}</arg>
</arguments>
<msg timestamp="20201218 15:54:53.681" level="INFO">Clicking element 'xpath=//*[@id="//header-waypoint-sticky"]/div[1]/div/div/div[2]/div/ul/li[3]/div/div/div/a[1]'.</msg>
<status status="PASS" starttime="20201218 15:54:53.681" endtime="20201218 15:54:56.233"></status>
</kw>
<kw name="Sleep" library="BuiltIn">
<doc>Pauses the test executed for the given time.</doc>
<arguments>
<arg>5s</arg>
</arguments>
<msg timestamp="20201218 15:55:01.236" level="INFO">Slept 5 seconds</msg>
<status status="PASS" starttime="20201218 15:54:56.233" endtime="20201218 15:55:01.236"></status>
</kw>
<kw name="Wait Until Element Is Visible" library="Selenium2Library">
<doc>Waits until the element ``locator`` is visible.</doc>
<arguments>
<arg>${user_id}</arg>
</arguments>
<status status="PASS" starttime="20201218 15:55:01.236" endtime="20201218 15:55:01.265"></status>
</kw>
<kw name="Wait Until Element Is Visible" library="Selenium2Library">
<doc>Waits until the element ``locator`` is visible.</doc>
<arguments>
<arg>${password}</arg>
</arguments>
<status status="PASS" starttime="20201218 15:55:01.266" endtime="20201218 15:55:01.295"></status>
</kw>
<kw name="Login User">
<arguments>
<arg>${id}</arg>
<arg>${pwd}</arg>
</arguments>
<kw name="Enter userid">
<arguments>
<arg>${id}</arg>
</arguments>
<kw name="Input Text" library="Selenium2Library">
<doc>Types the given ``text`` into the text field identified by ``locator``.</doc>
<arguments>
<arg>name:username</arg>
<arg>${id}</arg>
</arguments>
<msg timestamp="20201218 15:55:01.298" level="INFO">Typing text 'user@phptravels.com' into text field 'name:username'.</msg>
<status status="PASS" starttime="20201218 15:55:01.297" endtime="20201218 15:55:01.682"></status>
</kw>
<status status="PASS" starttime="20201218 15:55:01.297" endtime="20201218 15:55:01.683"></status>
</kw>
<kw name="Enter password">
<arguments>
<arg>${pwd}</arg>
</arguments>
<kw name="Input Text" library="Selenium2Library">
<doc>Types the given ``text`` into the text field identified by ``locator``.</doc>
<arguments>
<arg>name:password</arg>
<arg>${pwd}</arg>
</arguments>
<msg timestamp="20201218 15:55:01.684" level="INFO">Typing text 'demouser' into text field 'name:password'.</msg>
<status status="PASS" starttime="20201218 15:55:01.684" endtime="20201218 15:55:01.874"></status>
</kw>
<status status="PASS" starttime="20201218 15:55:01.683" endtime="20201218 15:55:01.874"></status>
</kw>
<kw name="Submit Form">
<kw name="Click Element" library="Selenium2Library">
<doc>Click the element identified by ``locator``.</doc>
<arguments>
<arg>${login}</arg>
</arguments>
<msg timestamp="20201218 15:55:01.876" level="INFO">Clicking element 'xpath=//*[@id="loginfrm"]/button'.</msg>
<status status="PASS" starttime="20201218 15:55:01.875" endtime="20201218 15:55:02.026"></status>
</kw>
<status status="PASS" starttime="20201218 15:55:01.875" endtime="20201218 15:55:02.026"></status>
</kw>
<status status="PASS" starttime="20201218 15:55:01.295" endtime="20201218 15:55:02.027"></status>
</kw>
<kw name="Sleep" library="BuiltIn">
<doc>Pauses the test executed for the given time.</doc>
<arguments>
<arg>5s</arg>
</arguments>
<msg timestamp="20201218 15:55:07.029" level="INFO">Slept 5 seconds</msg>
<status status="PASS" starttime="20201218 15:55:02.028" endtime="20201218 15:55:07.029"></status>
</kw>
<kw name="Set Selenium Implicit Wait" library="Selenium2Library">
<doc>Sets the implicit wait value used by Selenium.</doc>
<arguments>
<arg>5s</arg>
</arguments>
<status status="PASS" starttime="20201218 15:55:07.031" endtime="20201218 15:55:07.035"></status>
</kw>
<kw name="Close Test Browser" type="teardown">
<kw name="Close All Browsers" library="Selenium2Library">
<doc>Closes all open browsers and resets the browser cache.</doc>
<status status="PASS" starttime="20201218 15:55:07.038" endtime="20201218 15:55:10.747"></status>
</kw>
<status status="PASS" starttime="20201218 15:55:07.037" endtime="20201218 15:55:10.747"></status>
</kw>
<status status="PASS" starttime="20201218 15:54:39.309" endtime="20201218 15:55:10.748" critical="yes"></status>
</test>
<status status="PASS" starttime="20201218 15:54:38.915" endtime="20201218 15:55:10.769"></status>
</suite>
<statistics>
<total>
<stat pass="1" fail="0">Critical Tests</stat>
<stat pass="1" fail="0">All Tests</stat>
</total>
<tag>
</tag>
<suite>
<stat pass="1" fail="0" id="s1" name="Phptravels Login">Phptravels Login</stat>
</suite>
</statistics>
<errors>
</errors>
</robot>
